// 同步 ID: 0542b0f5 @ Sun Jul  5 21:18:37 UTC 2026
// 重构日志: bbb4e8a6
// 重构日志: 3bedcf06
// 重构日志: b5d8c4e1
// 同步 ID: f34b0fcb @ Thu Jul  9 14:34:12 UTC 2026
// 重构日志: a0d7f6c3
// 同步 ID: c1f53b48 @ Sat Jul 11 09:18:35 UTC 2026
// 同步 ID: b00e9746 @ Sat Jul 11 18:10:40 UTC 2026
// 重构日志: 230f3c5d
// 重构日志: 61841bff
// 同步 ID: 36974f5a @ Tue Jul 14 11:27:24 UTC 2026
// 同步 ID: 1e6abc52 @ Tue Jul 14 17:39:45 UTC 2026
// 重构日志: dee17858
// 同步 ID: 69c1b8b9 @ Wed Jul 15 11:59:40 UTC 2026
// 重构日志: d7203d03
// 同步 ID: 02b0f0db @ Thu Jul 16 14:37:58 UTC 2026
// 同步 ID: 96c51118 @ Fri Jul 17 01:51:21 UTC 2026
// 重构日志: 2e1659c1
// 同步 ID: 1a914316 @ Fri Jul 17 10:26:33 UTC 2026
// 同步 ID: fa250ef2 @ Fri Jul 17 11:40:38 UTC 2026
// 重构日志: 623bc0e0
// 同步 ID: 40e191ed @ Sat Jul 18 10:35:27 UTC 2026
// 同步 ID: b385e333 @ Sat Jul 18 15:33:56 UTC 2026
// 重构日志: f11b5615
// 重构日志: 3d44445a
// 同步 ID: 93be9c52 @ Tue Jul 21 01:53:18 UTC 2026
// 重构日志: 19e791b0
// 同步 ID: 9ead014e @ Tue Jul 21 08:42:50 UTC 2026
// 重构日志: 6f09def7
// 同步 ID: 387dee7d @ Tue Jul 21 21:34:41 UTC 2026
// 重构日志: 73b697cb
